Build started 29/06/2015 5:31:34 PM.
     1>Project "C:\Users\emily.ryan\Documents\Emily\AIEProjects-StarterTemplate\Project1\Project1.vcxproj" on node 2 (Build target(s)).
     1>ClCompile:
         C:\Program Files (x86)\Microsoft Visual Studio 12.0\VC\bin\CL.exe /c /I"C:\Users\emily.ryan\Documents\Emily\AIEProjects-StarterTemplate\AIE_GL\include\\" /I"C:\Users\emily.ryan\Documents\Emily\AIEProjects-StarterTemplate\libraries\glfw3\include\GLFW\\" /I"C:\Users\emily.ryan\Documents\Emily\AIEProjects-StarterTemplate\libraries\glew\include\\" /I"C:\Users\emily.ryan\Documents\Emily\AIEProjects-StarterTemplate\Project1\include\\" /I"C:\Users\emily.ryan\Documents\Emily\AIEProjects-StarterTemplate\libraries\glm\\" /Zi /nologo /W3 /WX- /O2 /Oi /Oy- /GL /D WIN32 /D NDEBUG /D _CONSOLE /D _UNICODE /D UNICODE /Gm- /EHsc /MD /GS /Gy /fp:precise /Zc:wchar_t /Zc:forScope /Fo"C:\Users\emily.ryan\Documents\Emily\AIEProjects-StarterTemplate\CompilerJunk\Project1Release\\" /Fd"C:\Users\emily.ryan\Documents\Emily\AIEProjects-StarterTemplate\CompilerJunk\Project1Release\vc120.pdb" /Gd /TP /analyze- /errorReport:prompt main.cpp Matrix2.cpp Matrix3.cpp Matrix4.cpp source\Game1.cpp Vector2.cpp Vector3.cpp Vector4.cpp
         main.cpp
         Matrix2.cpp
         Matrix3.cpp
         Matrix4.cpp
         Game1.cpp
         Vector2.cpp
         Vector3.cpp
         Vector4.cpp
     1>Vector4.cpp(28): error C2065: 'Vector3' : undeclared identifier
     1>Vector4.cpp(28): error C2146: syntax error : missing ';' before identifier 'temp'
     1>Vector4.cpp(28): error C2065: 'temp' : undeclared identifier
     1>Vector4.cpp(29): error C2065: 'temp' : undeclared identifier
     1>Vector4.cpp(29): error C2228: left of '.x' must have class/struct/union
                 type is 'unknown-type'
     1>Vector4.cpp(30): error C2065: 'temp' : undeclared identifier
     1>Vector4.cpp(30): error C2228: left of '.y' must have class/struct/union
                 type is 'unknown-type'
     1>Vector4.cpp(31): error C2065: 'temp' : undeclared identifier
     1>Vector4.cpp(31): error C2228: left of '.z' must have class/struct/union
                 type is 'unknown-type'
     1>Vector4.cpp(32): error C2065: 'temp' : undeclared identifier
     1>Vector4.cpp(32): error C2228: left of '.t' must have class/struct/union
                 type is 'unknown-type'
     1>Vector4.cpp(48): error C2065: 'Vector3' : undeclared identifier
     1>Vector4.cpp(48): error C2146: syntax error : missing ';' before identifier 'temp'
     1>Vector4.cpp(48): error C2065: 'temp' : undeclared identifier
     1>Vector4.cpp(49): error C2065: 'temp' : undeclared identifier
     1>Vector4.cpp(49): error C2228: left of '.x' must have class/struct/union
                 type is 'unknown-type'
     1>Vector4.cpp(50): error C2065: 'temp' : undeclared identifier
     1>Vector4.cpp(50): error C2228: left of '.y' must have class/struct/union
                 type is 'unknown-type'
     1>Vector4.cpp(51): error C2065: 'temp' : undeclared identifier
     1>Vector4.cpp(51): error C2228: left of '.z' must have class/struct/union
                 type is 'unknown-type'
     1>Vector4.cpp(52): error C2065: 'temp' : undeclared identifier
     1>Vector4.cpp(52): error C2228: left of '.t' must have class/struct/union
                 type is 'unknown-type'
     1>Vector4.cpp(53): error C2065: 'temp' : undeclared identifier
     1>Vector4.cpp(63): error C2143: syntax error : missing ';' before 'return'
     1>Vector4.cpp(69): error C2065: 'Vector3' : undeclared identifier
     1>Vector4.cpp(69): error C2146: syntax error : missing ';' before identifier 'temp'
     1>Vector4.cpp(69): error C3861: 'temp': identifier not found
     1>Vector4.cpp(70): error C2065: 'temp' : undeclared identifier
     1>Vector4.cpp(70): error C2228: left of '.x' must have class/struct/union
                 type is 'unknown-type'
     1>Vector4.cpp(71): error C2065: 'temp' : undeclared identifier
     1>Vector4.cpp(71): error C2228: left of '.y' must have class/struct/union
                 type is 'unknown-type'
     1>Vector4.cpp(72): error C2065: 'temp' : undeclared identifier
     1>Vector4.cpp(72): error C2228: left of '.z' must have class/struct/union
                 type is 'unknown-type'
     1>Vector4.cpp(73): error C2065: 'temp' : undeclared identifier
     1>Vector4.cpp(73): error C2228: left of '.t' must have class/struct/union
                 type is 'unknown-type'
     1>Vector4.cpp(75): error C2065: 'temp' : undeclared identifier
     1>Vector4.cpp(80): error C2556: 'Vector4 &Vector4::operator *=(const float &)' : overloaded function differs only by return type from 'Vector4 Vector4::operator *=(const float &)'
                 c:\users\emily.ryan\documents\emily\aieprojects-startertemplate\project1\Vector4.h(22) : see declaration of 'Vector4::operator *='
     1>Vector4.cpp(80): error C2040: 'Vector4::operator *=' : 'Vector4 &(const float &)' differs in levels of indirection from 'Vector4 (const float &)'
     1>Vector4.cpp(108): error C2039: 'Magnitude' : is not a member of 'Vector4'
                 c:\users\emily.ryan\documents\emily\aieprojects-startertemplate\project1\Vector4.h(5) : see declaration of 'Vector4'
     1>Vector4.cpp(109): error C2270: 'Magnitude' : modifiers not allowed on nonmember functions
     1>Vector4.cpp(110): error C2065: 'x' : undeclared identifier
     1>Vector4.cpp(110): error C2065: 'y' : undeclared identifier
     1>Vector4.cpp(110): error C2065: 'z' : undeclared identifier
     1>Vector4.cpp(110): error C2065: 't' : undeclared identifier
     1>Done Building Project "C:\Users\emily.ryan\Documents\Emily\AIEProjects-StarterTemplate\Project1\Project1.vcxproj" (Build target(s)) -- FAILED.

Build FAILED.

Time Elapsed 00:00:00.99
